Arguments: 
  C:\Program Files\nodejs\node.exe C:\Users\David\AppData\Roaming\npm\node_modules\yarn\bin\yarn.js init

PATH: 
  C:\Program Files\Common Files\Oracle\Java\javapath;C:\ProgramData\Oracle\Java\javapath;C:\Program Files (x86)\Common Files\Oracle\Java\javapath;C:\Program Files\Java\jdk1.8.0_144\bin;C:\Program Files\NVIDIA Corporation\NVIDIA NvDLISR;C:\PHP;C:\ProgramData\ComposerSetup\bin;C:\WINDOWS\system32;C:\WINDOWS;C:\WINDOWS\System32\Wbem;C:\WINDOWS\System32\WindowsPowerShell\v1.0\;C:\WINDOWS\System32\OpenSSH\;C:\Program Files\Java\jdk1.8.0_241\bin;C:\Program Files\Microsoft SQL Server\Client SDK\ODBC\170\Tools\Binn\;C:\Program Files (x86)\Microsoft SQL Server\150\Tools\Binn\;C:\Program Files\Microsoft SQL Server\150\Tools\Binn\;C:\Program Files\Microsoft SQL Server\150\DTS\Binn\;C:\Program Files\Git\cmd;C:\Program Files\Docker\Docker\resources\bin;C:\ProgramData\DockerDesktop\version-bin;C:\Users\David\AppData\Roaming\nvm;C:\Program Files\nodejs;C:\ProgramData\chocolatey\bin;C:\Program Files\nodejs\;%LOCALAPPDATA%\Android\Sdk\platform-tools;C:\Users\David\AppData\Local\Microsoft\WindowsApps;C:\Users\David\AppData\Local\Programs\Microsoft VS Code\bin;C:\PHP;C:\Users\David\AppData\Roaming\Composer\vendor\bin;C:\Users\David\AppData\Local\Microsoft\WindowsApps;C:\OpenSSL-Win32\bin;C:\Users\David\AppData\Roaming\nvm;C:\Program Files\nodejs;C:\Users\David\AppData\Roaming\npm;C:\Users\David\AppData\Local\Android\Sdk\platform-tools;

Yarn version: 
  1.22.10

Node version: 
  16.4.1

Platform: 
  win32 x64

Trace: 
  Error: canceled
      at Interface.<anonymous> (C:\Users\David\AppData\Roaming\npm\node_modules\yarn\lib\cli.js:136216:13)
      at Interface.emit (node:events:394:28)
      at Interface._ttyWrite (node:readline:1069:16)
      at ReadStream.onkeypress (node:readline:288:10)
      at ReadStream.emit (node:events:394:28)
      at emitKeys (node:internal/readline/utils:358:14)
      at emitKeys.next (<anonymous>)
      at ReadStream.onData (node:internal/readline/emitKeypressEvents:61:36)
      at ReadStream.emit (node:events:394:28)
      at addChunk (node:internal/streams/readable:312:12)

npm manifest: 
  No manifest

yarn manifest: 
  No manifest

Lockfile: 
  No lockfile
